<?xml version="1.0" encoding="UTF-8"?>
<project version="4">
  <component name="JUnitGeneratorProjectSettings">
    <option name="outputFilePattern" value="$PROJECT_DIR$/../CS445/src/HW1/${FILENAME}" />
    <option name="selectedTemplateKey" value="JUnit 4" />
  </component>
</project>